# JRE version: Java(TM) SE Runtime Environment (7.0_45-b18) (build 1.7.0_45-b18)
# Java VM: Java HotSpot(TM) Client VM (24.45-b08 mixed mode linux-x86 )
Heap
 def new generation   total 43904K, used 10966K [0x83930000, 0x868d0000, 0x8e3d0000)
  eden space 39040K,  20% used [0x83930000, 0x8411b9d0, 0x85f50000)
  from space 4864K,  58% used [0x86410000, 0x866da1a0, 0x868d0000)
  to   space 4864K,   0% used [0x85f50000, 0x85f50000, 0x86410000)
 tenured generation   total 97428K, used 50375K [0x8e3d0000, 0x942f5000, 0xa3930000)
   the space 97428K,  51% used [0x8e3d0000, 0x91501e58, 0x91502000, 0x942f5000)
 compacting perm gen  total 42752K, used 42558K [0xa3930000, 0xa62f0000, 0xb3930000)
   the space 42752K,  99% used [0xa3930000, 0xa62bf9c0, 0xa62bfa00, 0xa62f0000)
GC Heap History (10 events):
Event: 1007.334 GC heap before
{Heap before GC invocations=102 (full 13):
 def new generation   total 43904K, used 40791K [0x83930000, 0x868d0000, 0x8e3d0000)
  eden space 39040K, 100% used [0x83930000, 0x85f50000, 0x85f50000)
  from space 4864K,  36% used [0x85f50000, 0x86105fa8, 0x86410000)
  to   space 4864K,   0% used [0x86410000, 0x86410000, 0x868d0000)
 tenured generation   total 97428K, used 50375K [0x8e3d0000, 0x942f5000, 0xa3930000)
   the space 97428K,  51% used [0x8e3d0000, 0x91501e58, 0x91502000, 0x942f5000)
 compacting perm gen  total 42496K, used 42350K [0xa3930000, 0xa62b0000, 0xb3930000)
   the space 42496K,  99% used [0xa3930000, 0xa628bba0, 0xa628bc00, 0xa62b0000)
No shared spaces configured.
Event: 1007.340 GC heap after
Heap after GC invocations=103 (full 13):
 def new generation   total 43904K, used 1774K [0x83930000, 0x868d0000, 0x8e3d0000)
  eden space 39040K,   0% used [0x83930000, 0x83930000, 0x85f50000)
  from space 4864K,  36% used [0x86410000, 0x865cba18, 0x868d0000)
  to   space 4864K,   0% used [0x85f50000, 0x85f50000, 0x86410000)
 tenured generation   total 97428K, used 50375K [0x8e3d0000, 0x942f5000, 0xa3930000)
   the space 97428K,  51% used [0x8e3d0000, 0x91501e58, 0x91502000, 0x942f5000)
 compacting perm gen  total 42496K, used 42350K [0xa3930000, 0xa62b0000, 0xb3930000)
   the space 42496K,  99% used [0xa3930000, 0xa628bba0, 0xa628bc00, 0xa62b0000)
No shared spaces configured.
}
Event: 1007.357 GC heap before
{Heap before GC invocations=103 (full 13):
 def new generation   total 43904K, used 40814K [0x83930000, 0x868d0000, 0x8e3d0000)
  eden space 39040K, 100% used [0x83930000, 0x85f50000, 0x85f50000)
  from space 4864K,  36% used [0x86410000, 0x865cba18, 0x868d0000)
  to   space 4864K,   0% used [0x85f50000, 0x85f50000, 0x86410000)
 tenured generation   total 97428K, used 50375K [0x8e3d0000, 0x942f5000, 0xa3930000)
   the space 97428K,  51% used [0x8e3d0000, 0x91501e58, 0x91502000, 0x942f5000)
 compacting perm gen  total 42496K, used 42350K [0xa3930000, 0xa62b0000, 0xb3930000)
   the space 42496K,  99% used [0xa3930000, 0xa628bba0, 0xa628bc00, 0xa62b0000)
No shared spaces configured.
Event: 1007.364 GC heap after
Heap after GC invocations=104 (full 13):
 def new generation   total 43904K, used 1795K [0x83930000, 0x868d0000, 0x8e3d0000)
  eden space 39040K,   0% used [0x83930000, 0x83930000, 0x85f50000)
  from space 4864K,  36% used [0x85f50000, 0x86110e08, 0x86410000)
  to   space 4864K,   0% used [0x86410000, 0x86410000, 0x868d0000)
 tenured generation   total 97428K, used 50375K [0x8e3d0000, 0x942f5000, 0xa3930000)
   the space 97428K,  51% used [0x8e3d0000, 0x91501e58, 0x91502000, 0x942f5000)
 compacting perm gen  total 42496K, used 42350K [0xa3930000, 0xa62b0000, 0xb3930000)
   the space 42496K,  99% used [0xa3930000, 0xa628bba0, 0xa628bc00, 0xa62b0000)
No shared spaces configured.
}
Event: 1007.381 GC heap before
{Heap before GC invocations=104 (full 13):
 def new generation   total 43904K, used 40826K [0x83930000, 0x868d0000, 0x8e3d0000)
  eden space 39040K,  99% used [0x83930000, 0x85f4db98, 0x85f50000)
  from space 4864K,  36% used [0x85f50000, 0x86110e08, 0x86410000)
  to   space 4864K,   0% used [0x86410000, 0x86410000, 0x868d0000)
 tenured generation   total 97428K, used 50375K [0x8e3d0000, 0x942f5000, 0xa3930000)
   the space 97428K,  51% used [0x8e3d0000, 0x91501e58, 0x91502000, 0x942f5000)
 compacting perm gen  total 42496K, used 42350K [0xa3930000, 0xa62b0000, 0xb3930000)
   the space 42496K,  99% used [0xa3930000, 0xa628bba0, 0xa628bc00, 0xa62b0000)
No shared spaces configured.
Event: 1007.387 GC heap after
Heap after GC invocations=105 (full 13):
 def new generation   total 43904K, used 1811K [0x83930000, 0x868d0000, 0x8e3d0000)
  eden space 39040K,   0% used [0x83930000, 0x83930000, 0x85f50000)
  from space 4864K,  37% used [0x86410000, 0x865d4c68, 0x868d0000)
  to   space 4864K,   0% used [0x85f50000, 0x85f50000, 0x86410000)
 tenured generation   total 97428K, used 50375K [0x8e3d0000, 0x942f5000, 0xa3930000)
   the space 97428K,  51% used [0x8e3d0000, 0x91501e58, 0x91502000, 0x942f5000)
 compacting perm gen  total 42496K, used 42350K [0xa3930000, 0xa62b0000, 0xb3930000)
   the space 42496K,  99% used [0xa3930000, 0xa628bba0, 0xa628bc00, 0xa62b0000)
No shared spaces configured.
}
Event: 1007.451 GC heap before
{Heap before GC invocations=105 (full 13):
 def new generation   total 43904K, used 40851K [0x83930000, 0x868d0000, 0x8e3d0000)
  eden space 39040K, 100% used [0x83930000, 0x85f50000, 0x85f50000)
  from space 4864K,  37% used [0x86410000, 0x865d4c68, 0x868d0000)
  to   space 4864K,   0% used [0x85f50000, 0x85f50000, 0x86410000)
 tenured generation   total 97428K, used 50375K [0x8e3d0000, 0x942f5000, 0xa3930000)
   the space 97428K,  51% used [0x8e3d0000, 0x91501e58, 0x91502000, 0x942f5000)
 compacting perm gen  total 42496K, used 42350K [0xa3930000, 0xa62b0000, 0xb3930000)
   the space 42496K,  99% used [0xa3930000, 0xa628bbf0, 0xa628bc00, 0xa62b0000)
No shared spaces configured.
Event: 1007.459 GC heap after
Heap after GC invocations=106 (full 13):
 def new generation   total 43904K, used 1825K [0x83930000, 0x868d0000, 0x8e3d0000)
  eden space 39040K,   0% used [0x83930000, 0x83930000, 0x85f50000)
  from space 4864K,  37% used [0x85f50000, 0x861185b0, 0x86410000)
  to   space 4864K,   0% used [0x86410000, 0x86410000, 0x868d0000)
 tenured generation   total 97428K, used 50375K [0x8e3d0000, 0x942f5000, 0xa3930000)
   the space 97428K,  51% used [0x8e3d0000, 0x91501e58, 0x91502000, 0x942f5000)
 compacting perm gen  total 42496K, used 42350K [0xa3930000, 0xa62b0000, 0xb3930000)
   the space 42496K,  99% used [0xa3930000, 0xa628bbf0, 0xa628bc00, 0xa62b0000)
No shared spaces configured.
}
Event: 1009.407 GC heap before
{Heap before GC invocations=106 (full 13):
 def new generation   total 43904K, used 40865K [0x83930000, 0x868d0000, 0x8e3d0000)
  eden space 39040K, 100% used [0x83930000, 0x85f50000, 0x85f50000)
  from space 4864K,  37% used [0x85f50000, 0x861185b0, 0x86410000)
  to   space 4864K,   0% used [0x86410000, 0x86410000, 0x868d0000)
 tenured generation   total 97428K, used 50375K [0x8e3d0000, 0x942f5000, 0xa3930000)
   the space 97428K,  51% used [0x8e3d0000, 0x91501e58, 0x91502000, 0x942f5000)
 compacting perm gen  total 42496K, used 42350K [0xa3930000, 0xa62b0000, 0xb3930000)
   the space 42496K,  99% used [0xa3930000, 0xa628bbf0, 0xa628bc00, 0xa62b0000)
No shared spaces configured.
Event: 1009.416 GC heap after
Heap after GC invocations=107 (full 13):
 def new generation   total 43904K, used 2856K [0x83930000, 0x868d0000, 0x8e3d0000)
  eden space 39040K,   0% used [0x83930000, 0x83930000, 0x85f50000)
  from space 4864K,  58% used [0x86410000, 0x866da1a0, 0x868d0000)
  to   space 4864K,   0% used [0x85f50000, 0x85f50000, 0x86410000)
 tenured generation   total 97428K, used 50375K [0x8e3d0000, 0x942f5000, 0xa3930000)
   the space 97428K,  51% used [0x8e3d0000, 0x91501e58, 0x91502000, 0x942f5000)
 compacting perm gen  total 42496K, used 42350K [0xa3930000, 0xa62b0000, 0xb3930000)
   the space 42496K,  99% used [0xa3930000, 0xa628bbf0, 0xa628bc00, 0xa62b0000)
No shared spaces configured.
}

